[ 50%] [32mBuilding CXX object CMakeFiles/driver_node.dir/src/driver_node.cpp.o[0m
[01m[K/home/hou/catkin_ws/src/driver/src/driver_node.cpp:2:10:[m[K [01;31m[Kfatal error: [m[Kdriver_msgs/target.hpp: 没有那个文件或目录
    2 | #include [01;31m[K"driver_msgs/target.hpp"[m[K  // 使用自定义消息
      |          [01;31m[K^~~~~~~~~~~~~~~~~~~~~~~~[m[K
compilation terminated.
gmake[2]: *** [CMakeFiles/driver_node.dir/build.make:76：CMakeFiles/driver_node.dir/src/driver_node.cpp.o] 错误 1
gmake[1]: *** [CMakeFiles/Makefile2:137：CMakeFiles/driver_node.dir/all] 错误 2
gmake: *** [Makefile:146：all] 错误 2
