[0.081s] Invoking command in '/home/hou/catkin_ws/build/driver': CMAKE_PREFIX_PATH=/opt/ros/humble /usr/bin/cmake --build /home/hou/catkin_ws/build/driver -- -j10 -l10
[0.389s] [ 50%] [32mBuilding CXX object CMakeFiles/driver_node.dir/src/driver_node.cpp.o[0m
[0.988s] [01m[K/home/hou/catkin_ws/src/driver/src/driver_node.cpp:2:10:[m[K [01;31m[Kfatal error: [m[Kdriver_msgs/msg/target.msg: æ²¡æœ‰é‚£ä¸ªæ–‡ä»¶æˆ–ç›®å½•
[0.992s]     2 | #include [01;31m[K"driver_msgs/msg/target.msg"[m[K  // ä½¿ç”¨è‡ªå®šä¹‰æ¶ˆæ¯
[0.992s]       |          [01;31m[K^~~~~~~~~~~~~~~~~~~~~~~~~~~~[m[K
[0.992s] compilation terminated.
[1.034s] gmake[2]: *** [CMakeFiles/driver_node.dir/build.make:76ï¼šCMakeFiles/driver_node.dir/src/driver_node.cpp.o] é”™è¯¯ 1
[1.034s] gmake[1]: *** [CMakeFiles/Makefile2:137ï¼šCMakeFiles/driver_node.dir/all] é”™è¯¯ 2
[1.035s] gmake: *** [Makefile:146ï¼šall] é”™è¯¯ 2
[1.304s] Invoked command in '/home/hou/catkin_ws/build/driver' returned '2': CMAKE_PREFIX_PATH=/opt/ros/humble /usr/bin/cmake --build /home/hou/catkin_ws/build/driver -- -j10 -l10
