[0.088s] Invoking command in '/home/hou/catkin_ws/build/driver': CMAKE_PREFIX_PATH=/opt/ros/humble /usr/bin/cmake --build /home/hou/catkin_ws/build/driver -- -j10 -l10
[0.378s] [ 50%] [32mBuilding CXX object CMakeFiles/driver_node.dir/src/driver_node.cpp.o[0m
[1.320s] [01m[K/home/hou/catkin_ws/src/driver/src/driver_node.cpp:2:10:[m[K [01;31m[Kfatal error: [m[Kdriver_msgs/msg/Target.msg: 没有那个文件或目录
[1.320s]     2 | #include [01;31m[K"driver_msgs/msg/Target.msg"[m[K  // 使用自定义消息
[1.320s]       |          [01;31m[K^~~~~~~~~~~~~~~~~~~~~~~~~~~~[m[K
[1.320s] compilation terminated.
[1.406s] gmake[2]: *** [CMakeFiles/driver_node.dir/build.make:76：CMakeFiles/driver_node.dir/src/driver_node.cpp.o] 错误 1
[1.433s] gmake[1]: *** [CMakeFiles/Makefile2:137：CMakeFiles/driver_node.dir/all] 错误 2
[1.443s] gmake: *** [Makefile:146：all] 错误 2
[1.606s] Invoked command in '/home/hou/catkin_ws/build/driver' returned '2': CMAKE_PREFIX_PATH=/opt/ros/humble /usr/bin/cmake --build /home/hou/catkin_ws/build/driver -- -j10 -l10
