[0.064s] Invoking command in '/home/hou/catkin_ws/build/driver': CMAKE_PREFIX_PATH=/home/hou/catkin_ws/install/process:/home/hou/catkin_ws/install/driver_msgs:/opt/ros/humble /usr/bin/cmake --build /home/hou/catkin_ws/build/driver -- -j10 -l10
[0.826s] [ 50%] [32mBuilding CXX object CMakeFiles/driver_node.dir/src/driver_node.cpp.o[0m
[3.395s] [01m[K/home/hou/catkin_ws/src/driver/src/driver_node.cpp:2:10:[m[K [01;31m[Kfatal error: [m[Kdriver_msgs/msg/target.hpp: 没有那个文件或目录
[3.396s]     2 | #include [01;31m[K"driver_msgs/msg/target.hpp"[m[K  // 使用自定义消息
[3.396s]       |          [01;31m[K^~~~~~~~~~~~~~~~~~~~~~~~~~~~[m[K
[3.396s] compilation terminated.
[3.398s] gmake[2]: *** [CMakeFiles/driver_node.dir/build.make:76：CMakeFiles/driver_node.dir/src/driver_node.cpp.o] 错误 1
[3.399s] gmake[1]: *** [CMakeFiles/Makefile2:137：CMakeFiles/driver_node.dir/all] 错误 2
[3.399s] gmake: *** [Makefile:146：all] 错误 2
[3.401s] Invoked command in '/home/hou/catkin_ws/build/driver' returned '2': CMAKE_PREFIX_PATH=/home/hou/catkin_ws/install/process:/home/hou/catkin_ws/install/driver_msgs:/opt/ros/humble /usr/bin/cmake --build /home/hou/catkin_ws/build/driver -- -j10 -l10
