[0.062s] Invoking command in '/home/hou/catkin_ws/build/driver': CMAKE_PREFIX_PATH=${CMAKE_PREFIX_PATH}:/opt/ros/humble /usr/bin/cmake --build /home/hou/catkin_ws/build/driver -- -j10 -l10
[0.344s] [ 50%] [32mBuilding CXX object CMakeFiles/driver_node.dir/src/driver_node.cpp.o[0m
[3.644s] [01m[K/home/hou/catkin_ws/src/driver/src/driver_node.cpp:2:10:[m[K [01;31m[Kfatal error: [m[Kdriver_msgs/msg/target.hpp: æ²¡æœ‰é‚£ä¸ªæ–‡ä»¶æˆ–ç›®å½•
[3.644s]     2 | #include [01;31m[K"driver_msgs/msg/target.hpp"[m[K  // ä½¿ç”¨è‡ªå®šä¹‰æ¶ˆæ¯
[3.644s]       |          [01;31m[K^~~~~~~~~~~~~~~~~~~~~~~~~~~~[m[K
[3.644s] compilation terminated.
[3.675s] gmake[2]: *** [CMakeFiles/driver_node.dir/build.make:76ï¼šCMakeFiles/driver_node.dir/src/driver_node.cpp.o] é”™è¯¯ 1
[3.675s] gmake[1]: *** [CMakeFiles/Makefile2:137ï¼šCMakeFiles/driver_node.dir/all] é”™è¯¯ 2
[3.675s] gmake: *** [Makefile:146ï¼šall] é”™è¯¯ 2
[3.731s] Invoked command in '/home/hou/catkin_ws/build/driver' returned '2': CMAKE_PREFIX_PATH=${CMAKE_PREFIX_PATH}:/opt/ros/humble /usr/bin/cmake --build /home/hou/catkin_ws/build/driver -- -j10 -l10
